CRITICAL - 2021-08-16 11:44:50 --> Call to a member function getError() on null
#0 D:\xampp\htdocs\ci4_demo\system\View\View.php(230): include()
#1 D:\xampp\htdocs\ci4_demo\system\View\View.php(232): CodeIgniter\View\View->CodeIgniter\View\{closure}()
#2 D:\xampp\htdocs\ci4_demo\system\Common.php(1271): CodeIgniter\View\View->render('add', Array, true)
#3 D:\xampp\htdocs\ci4_demo\app\Controllers\Student.php(13): view('add')
#4 D:\xampp\htdocs\ci4_demo\system\CodeIgniter.php(928): App\Controllers\Student->index()
#5 D:\xampp\htdocs\ci4_demo\system\CodeIgniter.php(436): CodeIgniter\CodeIgniter->runController(Object(App\Controllers\Student))
#6 D:\xampp\htdocs\ci4_demo\system\CodeIgniter.php(336): CodeIgniter\CodeIgniter->handleRequest(NULL, Object(Config\Cache), false)
#7 D:\xampp\htdocs\ci4_demo\public\index.php(37): CodeIgniter\CodeIgniter->run()
#8 D:\xampp\htdocs\ci4_demo\system\Commands\Server\rewrite.php(45): require_once('D:\\xampp\\htdocs...')
#9 {main}
CRITICAL - 2021-08-16 11:45:00 --> Call to a member function getError() on null
#0 D:\xampp\htdocs\ci4_demo\system\View\View.php(230): include()
#1 D:\xampp\htdocs\ci4_demo\system\View\View.php(232): CodeIgniter\View\View->CodeIgniter\View\{closure}()
#2 D:\xampp\htdocs\ci4_demo\system\Common.php(1271): CodeIgniter\View\View->render('add', Array, true)
#3 D:\xampp\htdocs\ci4_demo\app\Controllers\Student.php(13): view('add')
#4 D:\xampp\htdocs\ci4_demo\system\CodeIgniter.php(928): App\Controllers\Student->index()
#5 D:\xampp\htdocs\ci4_demo\system\CodeIgniter.php(436): CodeIgniter\CodeIgniter->runController(Object(App\Controllers\Student))
#6 D:\xampp\htdocs\ci4_demo\system\CodeIgniter.php(336): CodeIgniter\CodeIgniter->handleRequest(NULL, Object(Config\Cache), false)
#7 D:\xampp\htdocs\ci4_demo\public\index.php(37): CodeIgniter\CodeIgniter->run()
#8 D:\xampp\htdocs\ci4_demo\system\Commands\Server\rewrite.php(45): require_once('D:\\xampp\\htdocs...')
#9 {main}
CRITICAL - 2021-08-16 11:45:27 --> Call to a member function getError() on null
#0 D:\xampp\htdocs\ci4_demo\system\View\View.php(230): include()
#1 D:\xampp\htdocs\ci4_demo\system\View\View.php(232): CodeIgniter\View\View->CodeIgniter\View\{closure}()
#2 D:\xampp\htdocs\ci4_demo\system\Common.php(1271): CodeIgniter\View\View->render('add', Array, true)
#3 D:\xampp\htdocs\ci4_demo\app\Controllers\Student.php(13): view('add')
#4 D:\xampp\htdocs\ci4_demo\system\CodeIgniter.php(928): App\Controllers\Student->index()
#5 D:\xampp\htdocs\ci4_demo\system\CodeIgniter.php(436): CodeIgniter\CodeIgniter->runController(Object(App\Controllers\Student))
#6 D:\xampp\htdocs\ci4_demo\system\CodeIgniter.php(336): CodeIgniter\CodeIgniter->handleRequest(NULL, Object(Config\Cache), false)
#7 D:\xampp\htdocs\ci4_demo\public\index.php(37): CodeIgniter\CodeIgniter->run()
#8 D:\xampp\htdocs\ci4_demo\system\Commands\Server\rewrite.php(45): require_once('D:\\xampp\\htdocs...')
#9 {main}
CRITICAL - 2021-08-16 11:45:58 --> syntax error, unexpected 'die' (T_EXIT), expecting ',' or ';'
#0 D:\xampp\htdocs\ci4_demo\system\Router\Router.php(169): CodeIgniter\Router\Router->autoRoute('student')
#1 D:\xampp\htdocs\ci4_demo\system\CodeIgniter.php(809): CodeIgniter\Router\Router->handle('student')
#2 D:\xampp\htdocs\ci4_demo\system\CodeIgniter.php(389): CodeIgniter\CodeIgniter->tryToRouteIt(Object(CodeIgniter\Router\RouteCollection))
#3 D:\xampp\htdocs\ci4_demo\system\CodeIgniter.php(336): CodeIgniter\CodeIgniter->handleRequest(NULL, Object(Config\Cache), false)
#4 D:\xampp\htdocs\ci4_demo\public\index.php(37): CodeIgniter\CodeIgniter->run()
#5 D:\xampp\htdocs\ci4_demo\system\Commands\Server\rewrite.php(45): require_once('D:\\xampp\\htdocs...')
#6 {main}
CRITICAL - 2021-08-16 11:47:45 --> syntax error, unexpected 'die' (T_EXIT), expecting ',' or ';'
#0 D:\xampp\htdocs\ci4_demo\system\Router\Router.php(169): CodeIgniter\Router\Router->autoRoute('student')
#1 D:\xampp\htdocs\ci4_demo\system\CodeIgniter.php(809): CodeIgniter\Router\Router->handle('student')
#2 D:\xampp\htdocs\ci4_demo\system\CodeIgniter.php(389): CodeIgniter\CodeIgniter->tryToRouteIt(Object(CodeIgniter\Router\RouteCollection))
#3 D:\xampp\htdocs\ci4_demo\system\CodeIgniter.php(336): CodeIgniter\CodeIgniter->handleRequest(NULL, Object(Config\Cache), false)
#4 D:\xampp\htdocs\ci4_demo\public\index.php(37): CodeIgniter\CodeIgniter->run()
#5 D:\xampp\htdocs\ci4_demo\system\Commands\Server\rewrite.php(45): require_once('D:\\xampp\\htdocs...')
#6 {main}
CRITICAL - 2021-08-16 11:47:58 --> syntax error, unexpected 'die' (T_EXIT), expecting ',' or ';'
#0 D:\xampp\htdocs\ci4_demo\system\Router\Router.php(169): CodeIgniter\Router\Router->autoRoute('student')
#1 D:\xampp\htdocs\ci4_demo\system\CodeIgniter.php(809): CodeIgniter\Router\Router->handle('student')
#2 D:\xampp\htdocs\ci4_demo\system\CodeIgniter.php(389): CodeIgniter\CodeIgniter->tryToRouteIt(Object(CodeIgniter\Router\RouteCollection))
#3 D:\xampp\htdocs\ci4_demo\system\CodeIgniter.php(336): CodeIgniter\CodeIgniter->handleRequest(NULL, Object(Config\Cache), false)
#4 D:\xampp\htdocs\ci4_demo\public\index.php(37): CodeIgniter\CodeIgniter->run()
#5 D:\xampp\htdocs\ci4_demo\system\Commands\Server\rewrite.php(45): require_once('D:\\xampp\\htdocs...')
#6 {main}
CRITICAL - 2021-08-16 11:48:46 --> Call to a member function getError() on null
#0 D:\xampp\htdocs\ci4_demo\system\View\View.php(230): include()
#1 D:\xampp\htdocs\ci4_demo\system\View\View.php(232): CodeIgniter\View\View->CodeIgniter\View\{closure}()
#2 D:\xampp\htdocs\ci4_demo\system\Common.php(1271): CodeIgniter\View\View->render('add', Array, true)
#3 D:\xampp\htdocs\ci4_demo\app\Controllers\Student.php(13): view('add')
#4 D:\xampp\htdocs\ci4_demo\system\CodeIgniter.php(928): App\Controllers\Student->index()
#5 D:\xampp\htdocs\ci4_demo\system\CodeIgniter.php(436): CodeIgniter\CodeIgniter->runController(Object(App\Controllers\Student))
#6 D:\xampp\htdocs\ci4_demo\system\CodeIgniter.php(336): CodeIgniter\CodeIgniter->handleRequest(NULL, Object(Config\Cache), false)
#7 D:\xampp\htdocs\ci4_demo\public\index.php(37): CodeIgniter\CodeIgniter->run()
#8 D:\xampp\htdocs\ci4_demo\system\Commands\Server\rewrite.php(45): require_once('D:\\xampp\\htdocs...')
#9 {main}
CRITICAL - 2021-08-16 11:49:12 --> Call to a member function getError() on null
#0 D:\xampp\htdocs\ci4_demo\system\View\View.php(230): include()
#1 D:\xampp\htdocs\ci4_demo\system\View\View.php(232): CodeIgniter\View\View->CodeIgniter\View\{closure}()
#2 D:\xampp\htdocs\ci4_demo\system\Common.php(1271): CodeIgniter\View\View->render('add', Array, true)
#3 D:\xampp\htdocs\ci4_demo\app\Controllers\Student.php(13): view('add')
#4 D:\xampp\htdocs\ci4_demo\system\CodeIgniter.php(928): App\Controllers\Student->index()
#5 D:\xampp\htdocs\ci4_demo\system\CodeIgniter.php(436): CodeIgniter\CodeIgniter->runController(Object(App\Controllers\Student))
#6 D:\xampp\htdocs\ci4_demo\system\CodeIgniter.php(336): CodeIgniter\CodeIgniter->handleRequest(NULL, Object(Config\Cache), false)
#7 D:\xampp\htdocs\ci4_demo\public\index.php(37): CodeIgniter\CodeIgniter->run()
#8 D:\xampp\htdocs\ci4_demo\system\Commands\Server\rewrite.php(45): require_once('D:\\xampp\\htdocs...')
#9 {main}
CRITICAL - 2021-08-16 11:49:48 --> Call to a member function getError() on null
#0 D:\xampp\htdocs\ci4_demo\system\View\View.php(230): include()
#1 D:\xampp\htdocs\ci4_demo\system\View\View.php(232): CodeIgniter\View\View->CodeIgniter\View\{closure}()
#2 D:\xampp\htdocs\ci4_demo\system\Common.php(1271): CodeIgniter\View\View->render('add', Array, true)
#3 D:\xampp\htdocs\ci4_demo\app\Controllers\Student.php(13): view('add')
#4 D:\xampp\htdocs\ci4_demo\system\CodeIgniter.php(928): App\Controllers\Student->index()
#5 D:\xampp\htdocs\ci4_demo\system\CodeIgniter.php(436): CodeIgniter\CodeIgniter->runController(Object(App\Controllers\Student))
#6 D:\xampp\htdocs\ci4_demo\system\CodeIgniter.php(336): CodeIgniter\CodeIgniter->handleRequest(NULL, Object(Config\Cache), false)
#7 D:\xampp\htdocs\ci4_demo\public\index.php(37): CodeIgniter\CodeIgniter->run()
#8 D:\xampp\htdocs\ci4_demo\system\Commands\Server\rewrite.php(45): require_once('D:\\xampp\\htdocs...')
#9 {main}
CRITICAL - 2021-08-16 11:50:04 --> Call to a member function getError() on null
#0 D:\xampp\htdocs\ci4_demo\system\View\View.php(230): include()
#1 D:\xampp\htdocs\ci4_demo\system\View\View.php(232): CodeIgniter\View\View->CodeIgniter\View\{closure}()
#2 D:\xampp\htdocs\ci4_demo\system\Common.php(1271): CodeIgniter\View\View->render('add', Array, true)
#3 D:\xampp\htdocs\ci4_demo\app\Controllers\Student.php(13): view('add')
#4 D:\xampp\htdocs\ci4_demo\system\CodeIgniter.php(928): App\Controllers\Student->index()
#5 D:\xampp\htdocs\ci4_demo\system\CodeIgniter.php(436): CodeIgniter\CodeIgniter->runController(Object(App\Controllers\Student))
#6 D:\xampp\htdocs\ci4_demo\system\CodeIgniter.php(336): CodeIgniter\CodeIgniter->handleRequest(NULL, Object(Config\Cache), false)
#7 D:\xampp\htdocs\ci4_demo\public\index.php(37): CodeIgniter\CodeIgniter->run()
#8 D:\xampp\htdocs\ci4_demo\system\Commands\Server\rewrite.php(45): require_once('D:\\xampp\\htdocs...')
#9 {main}
CRITICAL - 2021-08-16 11:50:13 --> Call to a member function getError() on null
#0 D:\xampp\htdocs\ci4_demo\system\View\View.php(230): include()
#1 D:\xampp\htdocs\ci4_demo\system\View\View.php(232): CodeIgniter\View\View->CodeIgniter\View\{closure}()
#2 D:\xampp\htdocs\ci4_demo\system\Common.php(1271): CodeIgniter\View\View->render('add', Array, true)
#3 D:\xampp\htdocs\ci4_demo\app\Controllers\Student.php(13): view('add')
#4 D:\xampp\htdocs\ci4_demo\system\CodeIgniter.php(928): App\Controllers\Student->index()
#5 D:\xampp\htdocs\ci4_demo\system\CodeIgniter.php(436): CodeIgniter\CodeIgniter->runController(Object(App\Controllers\Student))
#6 D:\xampp\htdocs\ci4_demo\system\CodeIgniter.php(336): CodeIgniter\CodeIgniter->handleRequest(NULL, Object(Config\Cache), false)
#7 D:\xampp\htdocs\ci4_demo\public\index.php(37): CodeIgniter\CodeIgniter->run()
#8 D:\xampp\htdocs\ci4_demo\system\Commands\Server\rewrite.php(45): require_once('D:\\xampp\\htdocs...')
#9 {main}
CRITICAL - 2021-08-16 11:50:52 --> Call to a member function getError() on null
#0 D:\xampp\htdocs\ci4_demo\system\View\View.php(230): include()
#1 D:\xampp\htdocs\ci4_demo\system\View\View.php(232): CodeIgniter\View\View->CodeIgniter\View\{closure}()
#2 D:\xampp\htdocs\ci4_demo\system\Common.php(1271): CodeIgniter\View\View->render('add', Array, true)
#3 D:\xampp\htdocs\ci4_demo\app\Controllers\Student.php(13): view('add')
#4 D:\xampp\htdocs\ci4_demo\system\CodeIgniter.php(928): App\Controllers\Student->index()
#5 D:\xampp\htdocs\ci4_demo\system\CodeIgniter.php(436): CodeIgniter\CodeIgniter->runController(Object(App\Controllers\Student))
#6 D:\xampp\htdocs\ci4_demo\system\CodeIgniter.php(336): CodeIgniter\CodeIgniter->handleRequest(NULL, Object(Config\Cache), false)
#7 D:\xampp\htdocs\ci4_demo\public\index.php(37): CodeIgniter\CodeIgniter->run()
#8 D:\xampp\htdocs\ci4_demo\system\Commands\Server\rewrite.php(45): require_once('D:\\xampp\\htdocs...')
#9 {main}
CRITICAL - 2021-08-16 11:51:09 --> Call to a member function getError() on null
#0 D:\xampp\htdocs\ci4_demo\system\View\View.php(230): include()
#1 D:\xampp\htdocs\ci4_demo\system\View\View.php(232): CodeIgniter\View\View->CodeIgniter\View\{closure}()
#2 D:\xampp\htdocs\ci4_demo\system\Common.php(1271): CodeIgniter\View\View->render('add', Array, true)
#3 D:\xampp\htdocs\ci4_demo\app\Controllers\Student.php(13): view('add')
#4 D:\xampp\htdocs\ci4_demo\system\CodeIgniter.php(928): App\Controllers\Student->index()
#5 D:\xampp\htdocs\ci4_demo\system\CodeIgniter.php(436): CodeIgniter\CodeIgniter->runController(Object(App\Controllers\Student))
#6 D:\xampp\htdocs\ci4_demo\system\CodeIgniter.php(336): CodeIgniter\CodeIgniter->handleRequest(NULL, Object(Config\Cache), false)
#7 D:\xampp\htdocs\ci4_demo\public\index.php(37): CodeIgniter\CodeIgniter->run()
#8 D:\xampp\htdocs\ci4_demo\system\Commands\Server\rewrite.php(45): require_once('D:\\xampp\\htdocs...')
#9 {main}
CRITICAL - 2021-08-16 11:51:39 --> Call to a member function getError() on null
#0 D:\xampp\htdocs\ci4_demo\system\View\View.php(230): include()
#1 D:\xampp\htdocs\ci4_demo\system\View\View.php(232): CodeIgniter\View\View->CodeIgniter\View\{closure}()
#2 D:\xampp\htdocs\ci4_demo\system\Common.php(1271): CodeIgniter\View\View->render('add', Array, true)
#3 D:\xampp\htdocs\ci4_demo\app\Controllers\Student.php(13): view('add')
#4 D:\xampp\htdocs\ci4_demo\system\CodeIgniter.php(928): App\Controllers\Student->index()
#5 D:\xampp\htdocs\ci4_demo\system\CodeIgniter.php(436): CodeIgniter\CodeIgniter->runController(Object(App\Controllers\Student))
#6 D:\xampp\htdocs\ci4_demo\system\CodeIgniter.php(336): CodeIgniter\CodeIgniter->handleRequest(NULL, Object(Config\Cache), false)
#7 D:\xampp\htdocs\ci4_demo\public\index.php(37): CodeIgniter\CodeIgniter->run()
#8 D:\xampp\htdocs\ci4_demo\system\Commands\Server\rewrite.php(45): require_once('D:\\xampp\\htdocs...')
#9 {main}
CRITICAL - 2021-08-16 11:51:52 --> Call to a member function getError() on null
#0 D:\xampp\htdocs\ci4_demo\system\View\View.php(230): include()
#1 D:\xampp\htdocs\ci4_demo\system\View\View.php(232): CodeIgniter\View\View->CodeIgniter\View\{closure}()
#2 D:\xampp\htdocs\ci4_demo\system\Common.php(1271): CodeIgniter\View\View->render('add', Array, true)
#3 D:\xampp\htdocs\ci4_demo\app\Controllers\Student.php(13): view('add')
#4 D:\xampp\htdocs\ci4_demo\system\CodeIgniter.php(928): App\Controllers\Student->index()
#5 D:\xampp\htdocs\ci4_demo\system\CodeIgniter.php(436): CodeIgniter\CodeIgniter->runController(Object(App\Controllers\Student))
#6 D:\xampp\htdocs\ci4_demo\system\CodeIgniter.php(336): CodeIgniter\CodeIgniter->handleRequest(NULL, Object(Config\Cache), false)
#7 D:\xampp\htdocs\ci4_demo\public\index.php(37): CodeIgniter\CodeIgniter->run()
#8 D:\xampp\htdocs\ci4_demo\system\Commands\Server\rewrite.php(45): require_once('D:\\xampp\\htdocs...')
#9 {main}
CRITICAL - 2021-08-16 11:52:30 --> Call to a member function getError() on null
#0 D:\xampp\htdocs\ci4_demo\system\View\View.php(230): include()
#1 D:\xampp\htdocs\ci4_demo\system\View\View.php(232): CodeIgniter\View\View->CodeIgniter\View\{closure}()
#2 D:\xampp\htdocs\ci4_demo\system\Common.php(1271): CodeIgniter\View\View->render('add', Array, true)
#3 D:\xampp\htdocs\ci4_demo\app\Controllers\Student.php(13): view('add')
#4 D:\xampp\htdocs\ci4_demo\system\CodeIgniter.php(928): App\Controllers\Student->index()
#5 D:\xampp\htdocs\ci4_demo\system\CodeIgniter.php(436): CodeIgniter\CodeIgniter->runController(Object(App\Controllers\Student))
#6 D:\xampp\htdocs\ci4_demo\system\CodeIgniter.php(336): CodeIgniter\CodeIgniter->handleRequest(NULL, Object(Config\Cache), false)
#7 D:\xampp\htdocs\ci4_demo\public\index.php(37): CodeIgniter\CodeIgniter->run()
#8 D:\xampp\htdocs\ci4_demo\system\Commands\Server\rewrite.php(45): require_once('D:\\xampp\\htdocs...')
#9 {main}
CRITICAL - 2021-08-16 11:52:48 --> Call to a member function getError() on null
#0 D:\xampp\htdocs\ci4_demo\system\View\View.php(230): include()
#1 D:\xampp\htdocs\ci4_demo\system\View\View.php(232): CodeIgniter\View\View->CodeIgniter\View\{closure}()
#2 D:\xampp\htdocs\ci4_demo\system\Common.php(1271): CodeIgniter\View\View->render('add', Array, true)
#3 D:\xampp\htdocs\ci4_demo\app\Controllers\Student.php(13): view('add')
#4 D:\xampp\htdocs\ci4_demo\system\CodeIgniter.php(928): App\Controllers\Student->index()
#5 D:\xampp\htdocs\ci4_demo\system\CodeIgniter.php(436): CodeIgniter\CodeIgniter->runController(Object(App\Controllers\Student))
#6 D:\xampp\htdocs\ci4_demo\system\CodeIgniter.php(336): CodeIgniter\CodeIgniter->handleRequest(NULL, Object(Config\Cache), false)
#7 D:\xampp\htdocs\ci4_demo\public\index.php(37): CodeIgniter\CodeIgniter->run()
#8 D:\xampp\htdocs\ci4_demo\system\Commands\Server\rewrite.php(45): require_once('D:\\xampp\\htdocs...')
#9 {main}
CRITICAL - 2021-08-16 11:53:10 --> Call to a member function getError() on null
#0 D:\xampp\htdocs\ci4_demo\system\View\View.php(230): include()
#1 D:\xampp\htdocs\ci4_demo\system\View\View.php(232): CodeIgniter\View\View->CodeIgniter\View\{closure}()
#2 D:\xampp\htdocs\ci4_demo\system\Common.php(1271): CodeIgniter\View\View->render('add', Array, true)
#3 D:\xampp\htdocs\ci4_demo\app\Controllers\Student.php(13): view('add')
#4 D:\xampp\htdocs\ci4_demo\system\CodeIgniter.php(928): App\Controllers\Student->index()
#5 D:\xampp\htdocs\ci4_demo\system\CodeIgniter.php(436): CodeIgniter\CodeIgniter->runController(Object(App\Controllers\Student))
#6 D:\xampp\htdocs\ci4_demo\system\CodeIgniter.php(336): CodeIgniter\CodeIgniter->handleRequest(NULL, Object(Config\Cache), false)
#7 D:\xampp\htdocs\ci4_demo\public\index.php(37): CodeIgniter\CodeIgniter->run()
#8 D:\xampp\htdocs\ci4_demo\system\Commands\Server\rewrite.php(45): require_once('D:\\xampp\\htdocs...')
#9 {main}
CRITICAL - 2021-08-16 11:53:34 --> Call to a member function getError() on null
#0 D:\xampp\htdocs\ci4_demo\system\View\View.php(230): include()
#1 D:\xampp\htdocs\ci4_demo\system\View\View.php(232): CodeIgniter\View\View->CodeIgniter\View\{closure}()
#2 D:\xampp\htdocs\ci4_demo\system\Common.php(1271): CodeIgniter\View\View->render('add', Array, true)
#3 D:\xampp\htdocs\ci4_demo\app\Controllers\Student.php(13): view('add')
#4 D:\xampp\htdocs\ci4_demo\system\CodeIgniter.php(928): App\Controllers\Student->index()
#5 D:\xampp\htdocs\ci4_demo\system\CodeIgniter.php(436): CodeIgniter\CodeIgniter->runController(Object(App\Controllers\Student))
#6 D:\xampp\htdocs\ci4_demo\system\CodeIgniter.php(336): CodeIgniter\CodeIgniter->handleRequest(NULL, Object(Config\Cache), false)
#7 D:\xampp\htdocs\ci4_demo\public\index.php(37): CodeIgniter\CodeIgniter->run()
#8 D:\xampp\htdocs\ci4_demo\system\Commands\Server\rewrite.php(45): require_once('D:\\xampp\\htdocs...')
#9 {main}
CRITICAL - 2021-08-16 11:56:43 --> Call to a member function getError() on null
#0 D:\xampp\htdocs\ci4_demo\system\View\View.php(230): include()
#1 D:\xampp\htdocs\ci4_demo\system\View\View.php(232): CodeIgniter\View\View->CodeIgniter\View\{closure}()
#2 D:\xampp\htdocs\ci4_demo\system\Common.php(1271): CodeIgniter\View\View->render('add', Array, true)
#3 D:\xampp\htdocs\ci4_demo\app\Controllers\Student.php(13): view('add')
#4 D:\xampp\htdocs\ci4_demo\system\CodeIgniter.php(928): App\Controllers\Student->index()
#5 D:\xampp\htdocs\ci4_demo\system\CodeIgniter.php(436): CodeIgniter\CodeIgniter->runController(Object(App\Controllers\Student))
#6 D:\xampp\htdocs\ci4_demo\system\CodeIgniter.php(336): CodeIgniter\CodeIgniter->handleRequest(NULL, Object(Config\Cache), false)
#7 D:\xampp\htdocs\ci4_demo\public\index.php(37): CodeIgniter\CodeIgniter->run()
#8 D:\xampp\htdocs\ci4_demo\system\Commands\Server\rewrite.php(45): require_once('D:\\xampp\\htdocs...')
#9 {main}
CRITICAL - 2021-08-16 11:56:54 --> Call to a member function getError() on null
#0 D:\xampp\htdocs\ci4_demo\system\View\View.php(230): include()
#1 D:\xampp\htdocs\ci4_demo\system\View\View.php(232): CodeIgniter\View\View->CodeIgniter\View\{closure}()
#2 D:\xampp\htdocs\ci4_demo\system\Common.php(1271): CodeIgniter\View\View->render('add', Array, true)
#3 D:\xampp\htdocs\ci4_demo\app\Controllers\Student.php(13): view('add')
#4 D:\xampp\htdocs\ci4_demo\system\CodeIgniter.php(928): App\Controllers\Student->index()
#5 D:\xampp\htdocs\ci4_demo\system\CodeIgniter.php(436): CodeIgniter\CodeIgniter->runController(Object(App\Controllers\Student))
#6 D:\xampp\htdocs\ci4_demo\system\CodeIgniter.php(336): CodeIgniter\CodeIgniter->handleRequest(NULL, Object(Config\Cache), false)
#7 D:\xampp\htdocs\ci4_demo\public\index.php(37): CodeIgniter\CodeIgniter->run()
#8 D:\xampp\htdocs\ci4_demo\system\Commands\Server\rewrite.php(45): require_once('D:\\xampp\\htdocs...')
#9 {main}
CRITICAL - 2021-08-16 11:57:54 --> Call to a member function getError() on null
#0 D:\xampp\htdocs\ci4_demo\system\View\View.php(230): include()
#1 D:\xampp\htdocs\ci4_demo\system\View\View.php(232): CodeIgniter\View\View->CodeIgniter\View\{closure}()
#2 D:\xampp\htdocs\ci4_demo\system\Common.php(1271): CodeIgniter\View\View->render('add', Array, true)
#3 D:\xampp\htdocs\ci4_demo\app\Controllers\Student.php(13): view('add')
#4 D:\xampp\htdocs\ci4_demo\system\CodeIgniter.php(928): App\Controllers\Student->index()
#5 D:\xampp\htdocs\ci4_demo\system\CodeIgniter.php(436): CodeIgniter\CodeIgniter->runController(Object(App\Controllers\Student))
#6 D:\xampp\htdocs\ci4_demo\system\CodeIgniter.php(336): CodeIgniter\CodeIgniter->handleRequest(NULL, Object(Config\Cache), false)
#7 D:\xampp\htdocs\ci4_demo\public\index.php(37): CodeIgniter\CodeIgniter->run()
#8 D:\xampp\htdocs\ci4_demo\system\Commands\Server\rewrite.php(45): require_once('D:\\xampp\\htdocs...')
#9 {main}
CRITICAL - 2021-08-16 11:59:32 --> Call to a member function getError() on null
#0 D:\xampp\htdocs\ci4_demo\system\View\View.php(230): include()
#1 D:\xampp\htdocs\ci4_demo\system\View\View.php(232): CodeIgniter\View\View->CodeIgniter\View\{closure}()
#2 D:\xampp\htdocs\ci4_demo\system\Common.php(1271): CodeIgniter\View\View->render('add', Array, true)
#3 D:\xampp\htdocs\ci4_demo\app\Controllers\Student.php(13): view('add')
#4 D:\xampp\htdocs\ci4_demo\system\CodeIgniter.php(928): App\Controllers\Student->index()
#5 D:\xampp\htdocs\ci4_demo\system\CodeIgniter.php(436): CodeIgniter\CodeIgniter->runController(Object(App\Controllers\Student))
#6 D:\xampp\htdocs\ci4_demo\system\CodeIgniter.php(336): CodeIgniter\CodeIgniter->handleRequest(NULL, Object(Config\Cache), false)
#7 D:\xampp\htdocs\ci4_demo\public\index.php(37): CodeIgniter\CodeIgniter->run()
#8 D:\xampp\htdocs\ci4_demo\system\Commands\Server\rewrite.php(45): require_once('D:\\xampp\\htdocs...')
#9 {main}
CRITICAL - 2021-08-16 12:01:47 --> Call to a member function getError() on null
#0 D:\xampp\htdocs\ci4_demo\system\View\View.php(230): include()
#1 D:\xampp\htdocs\ci4_demo\system\View\View.php(232): CodeIgniter\View\View->CodeIgniter\View\{closure}()
#2 D:\xampp\htdocs\ci4_demo\system\Common.php(1271): CodeIgniter\View\View->render('add', Array, true)
#3 D:\xampp\htdocs\ci4_demo\app\Controllers\Student.php(13): view('add')
#4 D:\xampp\htdocs\ci4_demo\system\CodeIgniter.php(928): App\Controllers\Student->index()
#5 D:\xampp\htdocs\ci4_demo\system\CodeIgniter.php(436): CodeIgniter\CodeIgniter->runController(Object(App\Controllers\Student))
#6 D:\xampp\htdocs\ci4_demo\system\CodeIgniter.php(336): CodeIgniter\CodeIgniter->handleRequest(NULL, Object(Config\Cache), false)
#7 D:\xampp\htdocs\ci4_demo\public\index.php(37): CodeIgniter\CodeIgniter->run()
#8 D:\xampp\htdocs\ci4_demo\system\Commands\Server\rewrite.php(45): require_once('D:\\xampp\\htdocs...')
#9 {main}
CRITICAL - 2021-08-16 12:04:02 --> Call to a member function hasError() on null
#0 D:\xampp\htdocs\ci4_demo\system\View\View.php(230): include()
#1 D:\xampp\htdocs\ci4_demo\system\View\View.php(232): CodeIgniter\View\View->CodeIgniter\View\{closure}()
#2 D:\xampp\htdocs\ci4_demo\system\Common.php(1271): CodeIgniter\View\View->render('add', Array, true)
#3 D:\xampp\htdocs\ci4_demo\app\Controllers\Student.php(13): view('add')
#4 D:\xampp\htdocs\ci4_demo\system\CodeIgniter.php(928): App\Controllers\Student->index()
#5 D:\xampp\htdocs\ci4_demo\system\CodeIgniter.php(436): CodeIgniter\CodeIgniter->runController(Object(App\Controllers\Student))
#6 D:\xampp\htdocs\ci4_demo\system\CodeIgniter.php(336): CodeIgniter\CodeIgniter->handleRequest(NULL, Object(Config\Cache), false)
#7 D:\xampp\htdocs\ci4_demo\public\index.php(37): CodeIgniter\CodeIgniter->run()
#8 D:\xampp\htdocs\ci4_demo\system\Commands\Server\rewrite.php(45): require_once('D:\\xampp\\htdocs...')
#9 {main}
CRITICAL - 2021-08-16 12:04:14 --> Call to a member function hasError() on null
#0 D:\xampp\htdocs\ci4_demo\system\View\View.php(230): include()
#1 D:\xampp\htdocs\ci4_demo\system\View\View.php(232): CodeIgniter\View\View->CodeIgniter\View\{closure}()
#2 D:\xampp\htdocs\ci4_demo\system\Common.php(1271): CodeIgniter\View\View->render('add', Array, true)
#3 D:\xampp\htdocs\ci4_demo\app\Controllers\Student.php(13): view('add')
#4 D:\xampp\htdocs\ci4_demo\system\CodeIgniter.php(928): App\Controllers\Student->index()
#5 D:\xampp\htdocs\ci4_demo\system\CodeIgniter.php(436): CodeIgniter\CodeIgniter->runController(Object(App\Controllers\Student))
#6 D:\xampp\htdocs\ci4_demo\system\CodeIgniter.php(336): CodeIgniter\CodeIgniter->handleRequest(NULL, Object(Config\Cache), false)
#7 D:\xampp\htdocs\ci4_demo\public\index.php(37): CodeIgniter\CodeIgniter->run()
#8 D:\xampp\htdocs\ci4_demo\system\Commands\Server\rewrite.php(45): require_once('D:\\xampp\\htdocs...')
#9 {main}
CRITICAL - 2021-08-16 12:05:38 --> Call to a member function hasError() on null
#0 D:\xampp\htdocs\ci4_demo\system\View\View.php(230): include()
#1 D:\xampp\htdocs\ci4_demo\system\View\View.php(232): CodeIgniter\View\View->CodeIgniter\View\{closure}()
#2 D:\xampp\htdocs\ci4_demo\system\Common.php(1271): CodeIgniter\View\View->render('add', Array, true)
#3 D:\xampp\htdocs\ci4_demo\app\Controllers\Student.php(13): view('add')
#4 D:\xampp\htdocs\ci4_demo\system\CodeIgniter.php(928): App\Controllers\Student->index()
#5 D:\xampp\htdocs\ci4_demo\system\CodeIgniter.php(436): CodeIgniter\CodeIgniter->runController(Object(App\Controllers\Student))
#6 D:\xampp\htdocs\ci4_demo\system\CodeIgniter.php(336): CodeIgniter\CodeIgniter->handleRequest(NULL, Object(Config\Cache), false)
#7 D:\xampp\htdocs\ci4_demo\public\index.php(37): CodeIgniter\CodeIgniter->run()
#8 D:\xampp\htdocs\ci4_demo\system\Commands\Server\rewrite.php(45): require_once('D:\\xampp\\htdocs...')
#9 {main}
CRITICAL - 2021-08-16 12:13:42 --> Call to a member function hasError() on null
#0 D:\xampp\htdocs\ci4_demo\system\View\View.php(230): include()
#1 D:\xampp\htdocs\ci4_demo\system\View\View.php(232): CodeIgniter\View\View->CodeIgniter\View\{closure}()
#2 D:\xampp\htdocs\ci4_demo\system\Common.php(1271): CodeIgniter\View\View->render('add', Array, true)
#3 D:\xampp\htdocs\ci4_demo\app\Controllers\Student.php(13): view('add')
#4 D:\xampp\htdocs\ci4_demo\system\CodeIgniter.php(928): App\Controllers\Student->index()
#5 D:\xampp\htdocs\ci4_demo\system\CodeIgniter.php(436): CodeIgniter\CodeIgniter->runController(Object(App\Controllers\Student))
#6 D:\xampp\htdocs\ci4_demo\system\CodeIgniter.php(336): CodeIgniter\CodeIgniter->handleRequest(NULL, Object(Config\Cache), false)
#7 D:\xampp\htdocs\ci4_demo\public\index.php(37): CodeIgniter\CodeIgniter->run()
#8 D:\xampp\htdocs\ci4_demo\system\Commands\Server\rewrite.php(45): require_once('D:\\xampp\\htdocs...')
#9 {main}
CRITICAL - 2021-08-16 12:15:03 --> Call to a member function hasError() on null
#0 D:\xampp\htdocs\ci4_demo\system\View\View.php(230): include()
#1 D:\xampp\htdocs\ci4_demo\system\View\View.php(232): CodeIgniter\View\View->CodeIgniter\View\{closure}()
#2 D:\xampp\htdocs\ci4_demo\system\Common.php(1271): CodeIgniter\View\View->render('add', Array, true)
#3 D:\xampp\htdocs\ci4_demo\app\Controllers\Student.php(13): view('add')
#4 D:\xampp\htdocs\ci4_demo\system\CodeIgniter.php(928): App\Controllers\Student->index()
#5 D:\xampp\htdocs\ci4_demo\system\CodeIgniter.php(436): CodeIgniter\CodeIgniter->runController(Object(App\Controllers\Student))
#6 D:\xampp\htdocs\ci4_demo\system\CodeIgniter.php(336): CodeIgniter\CodeIgniter->handleRequest(NULL, Object(Config\Cache), false)
#7 D:\xampp\htdocs\ci4_demo\public\index.php(37): CodeIgniter\CodeIgniter->run()
#8 D:\xampp\htdocs\ci4_demo\system\Commands\Server\rewrite.php(45): require_once('D:\\xampp\\htdocs...')
#9 {main}
CRITICAL - 2021-08-16 12:15:24 --> Call to a member function hasError() on null
#0 D:\xampp\htdocs\ci4_demo\system\View\View.php(230): include()
#1 D:\xampp\htdocs\ci4_demo\system\View\View.php(232): CodeIgniter\View\View->CodeIgniter\View\{closure}()
#2 D:\xampp\htdocs\ci4_demo\system\Common.php(1271): CodeIgniter\View\View->render('add', Array, true)
#3 D:\xampp\htdocs\ci4_demo\app\Controllers\Student.php(13): view('add')
#4 D:\xampp\htdocs\ci4_demo\system\CodeIgniter.php(928): App\Controllers\Student->index()
#5 D:\xampp\htdocs\ci4_demo\system\CodeIgniter.php(436): CodeIgniter\CodeIgniter->runController(Object(App\Controllers\Student))
#6 D:\xampp\htdocs\ci4_demo\system\CodeIgniter.php(336): CodeIgniter\CodeIgniter->handleRequest(NULL, Object(Config\Cache), false)
#7 D:\xampp\htdocs\ci4_demo\public\index.php(37): CodeIgniter\CodeIgniter->run()
#8 D:\xampp\htdocs\ci4_demo\system\Commands\Server\rewrite.php(45): require_once('D:\\xampp\\htdocs...')
#9 {main}
CRITICAL - 2021-08-16 12:18:47 --> Call to a member function hasError() on null
#0 D:\xampp\htdocs\ci4_demo\system\View\View.php(230): include()
#1 D:\xampp\htdocs\ci4_demo\system\View\View.php(232): CodeIgniter\View\View->CodeIgniter\View\{closure}()
#2 D:\xampp\htdocs\ci4_demo\system\Common.php(1271): CodeIgniter\View\View->render('add', Array, true)
#3 D:\xampp\htdocs\ci4_demo\app\Controllers\Student.php(17): view('add')
#4 D:\xampp\htdocs\ci4_demo\system\CodeIgniter.php(928): App\Controllers\Student->index()
#5 D:\xampp\htdocs\ci4_demo\system\CodeIgniter.php(436): CodeIgniter\CodeIgniter->runController(Object(App\Controllers\Student))
#6 D:\xampp\htdocs\ci4_demo\system\CodeIgniter.php(336): CodeIgniter\CodeIgniter->handleRequest(NULL, Object(Config\Cache), false)
#7 D:\xampp\htdocs\ci4_demo\public\index.php(37): CodeIgniter\CodeIgniter->run()
#8 D:\xampp\htdocs\ci4_demo\system\Commands\Server\rewrite.php(45): require_once('D:\\xampp\\htdocs...')
#9 {main}
